<?xml version="1.0" encoding="UTF-8"?>
<testng-results ignored="0" total="4" passed="4" failed="0" skipped="0">
  <reporter-output>
  </reporter-output>
  <suite started-at="2025-03-21T01:07:43 IST" name="Default suite" finished-at="2025-03-21T01:08:53 IST" duration-ms="70025">
    <groups>
      <group name="cucumber">
        <method signature="AbstractTestNGCucumberTests.runScenario(io.cucumber.testng.PickleWrapper,io.cucumber.testng.FeatureWrapper)[pri:0, instance:runner.TestRunner@38c6f217]" name="runScenario" class="io.cucumber.testng.AbstractTestNGCucumberTests"/>
      </group> <!-- cucumber -->
    </groups>
    <test started-at="2025-03-21T01:07:43 IST" name="Default test" finished-at="2025-03-21T01:08:53 IST" duration-ms="70025">
      <class name="runner.TestRunner">
        <test-method is-config="true" signature="setUpClass(org.testng.ITestContext)[pri:0, instance:runner.TestRunner@38c6f217]" started-at="2025-03-21T01:07:43 IST" name="setUpClass" finished-at="2025-03-21T01:07:44 IST" duration-ms="901" status="PASS">
          <params>
            <param index="0">
              <value>
                <![CDATA[org.testng.TestRunner@100c567f]]>
              </value>
            </param>
          </params>
          <reporter-output>
          </reporter-output>
        </test-method> <!-- setUpClass -->
        <test-method signature="runScenario(io.cucumber.testng.PickleWrapper,io.cucumber.testng.FeatureWrapper)[pri:0, instance:runner.TestRunner@38c6f217]" started-at="2025-03-21T01:07:44 IST" name="runScenario" description="Runs Cucumber Scenarios" data-provider="scenarios" finished-at="2025-03-21T01:08:18 IST" duration-ms="33522" status="PASS">
          <params>
            <param index="0">
              <value>
                <![CDATA["Proceed to checkout"]]>
              </value>
            </param>
            <param index="1">
              <value>
                <![CDATA["Shopping Cart Functionalities"]]>
              </value>
            </param>
          </params>
          <reporter-output>
          </reporter-output>
        </test-method> <!-- runScenario -->
        <test-method signature="runScenario(io.cucumber.testng.PickleWrapper,io.cucumber.testng.FeatureWrapper)[pri:0, instance:runner.TestRunner@38c6f217]" started-at="2025-03-21T01:08:18 IST" name="runScenario" description="Runs Cucumber Scenarios" data-provider="scenarios" finished-at="2025-03-21T01:08:22 IST" duration-ms="4628" status="PASS">
          <params>
            <param index="0">
              <value>
                <![CDATA["Verify Home Page Sections"]]>
              </value>
            </param>
            <param index="1">
              <value>
                <![CDATA["Home Page Validation"]]>
              </value>
            </param>
          </params>
          <reporter-output>
          </reporter-output>
        </test-method> <!-- runScenario -->
        <test-method signature="runScenario(io.cucumber.testng.PickleWrapper,io.cucumber.testng.FeatureWrapper)[pri:0, instance:runner.TestRunner@38c6f217]" started-at="2025-03-21T01:08:22 IST" name="runScenario" description="Runs Cucumber Scenarios" data-provider="scenarios" finished-at="2025-03-21T01:08:35 IST" duration-ms="12599" status="PASS">
          <params>
            <param index="0">
              <value>
                <![CDATA["Search Functionality with Suggestions"]]>
              </value>
            </param>
            <param index="1">
              <value>
                <![CDATA["Home Page Validation"]]>
              </value>
            </param>
          </params>
          <reporter-output>
          </reporter-output>
        </test-method> <!-- runScenario -->
        <test-method signature="runScenario(io.cucumber.testng.PickleWrapper,io.cucumber.testng.FeatureWrapper)[pri:0, instance:runner.TestRunner@38c6f217]" started-at="2025-03-21T01:08:35 IST" name="runScenario" description="Runs Cucumber Scenarios" data-provider="scenarios" finished-at="2025-03-21T01:08:53 IST" duration-ms="18078" status="PASS">
          <params>
            <param index="0">
              <value>
                <![CDATA["Validate the product"]]>
              </value>
            </param>
            <param index="1">
              <value>
                <![CDATA["Product Details Functionlities"]]>
              </value>
            </param>
          </params>
          <reporter-output>
          </reporter-output>
        </test-method> <!-- runScenario -->
        <test-method is-config="true" signature="tearDownClass()[pri:0, instance:runner.TestRunner@38c6f217]" started-at="2025-03-21T01:08:53 IST" name="tearDownClass" finished-at="2025-03-21T01:08:53 IST" duration-ms="232" status="PASS">
          <reporter-output>
          </reporter-output>
        </test-method> <!-- tearDownClass -->
      </class> <!-- runner.TestRunner -->
    </test> <!-- Default test -->
  </suite> <!-- Default suite -->
</testng-results>
